<?xml version="1.0" encoding="UTF-8"?>
<testsuite xmlns:xsi="http://www.w3.org/2001/XMLSchema-instance" xsi:noNamespaceSchemaLocation="https://maven.apache.org/surefire/maven-surefire-plugin/xsd/surefire-test-report.xsd" name="com.xxx.blog.BlogAppTests" time="12.681" tests="1" errors="0" skipped="0" failures="0">
  <properties>
    <property name="sun.desktop" value="windows"/>
    <property name="awt.toolkit" value="sun.awt.windows.WToolkit"/>
    <property name="file.encoding.pkg" value="sun.io"/>
    <property name="java.specification.version" value="1.8"/>
    <property name="sun.cpu.isalist" value="amd64"/>
    <property name="sun.jnu.encoding" value="GBK"/>
    <property name="java.class.path" value="E:\研究生工作\java_code_new\Blog_parents05\demo\target\test-classes;E:\研究生工作\java_code_new\Blog_parents05\demo\target\classes;D:\mvn3.8\repository\org\springframework\boot\spring-boot-starter-web\2.6.3\spring-boot-starter-web-2.6.3.jar;D:\mvn3.8\repository\org\springframework\boot\spring-boot-starter-json\2.6.3\spring-boot-starter-json-2.6.3.jar;D:\mvn3.8\repository\com\fasterxml\jackson\datatype\jackson-datatype-jdk8\2.13.1\jackson-datatype-jdk8-2.13.1.jar;D:\mvn3.8\repository\com\fasterxml\jackson\datatype\jackson-datatype-jsr310\2.13.1\jackson-datatype-jsr310-2.13.1.jar;D:\mvn3.8\repository\com\fasterxml\jackson\module\jackson-module-parameter-names\2.13.1\jackson-module-parameter-names-2.13.1.jar;D:\mvn3.8\repository\org\springframework\boot\spring-boot-starter-tomcat\2.6.3\spring-boot-starter-tomcat-2.6.3.jar;D:\mvn3.8\repository\org\apache\tomcat\embed\tomcat-embed-core\9.0.56\tomcat-embed-core-9.0.56.jar;D:\mvn3.8\repository\org\apache\tomcat\embed\tomcat-embed-el\9.0.56\tomcat-embed-el-9.0.56.jar;D:\mvn3.8\repository\org\apache\tomcat\embed\tomcat-embed-websocket\9.0.56\tomcat-embed-websocket-9.0.56.jar;D:\mvn3.8\repository\org\springframework\spring-web\5.3.15\spring-web-5.3.15.jar;D:\mvn3.8\repository\org\springframework\spring-beans\5.3.15\spring-beans-5.3.15.jar;D:\mvn3.8\repository\org\springframework\spring-webmvc\5.3.15\spring-webmvc-5.3.15.jar;D:\mvn3.8\repository\org\springframework\spring-context\5.3.15\spring-context-5.3.15.jar;D:\mvn3.8\repository\org\springframework\spring-expression\5.3.15\spring-expression-5.3.15.jar;D:\mvn3.8\repository\com\qiniu\qiniu-java-sdk\7.7.0\qiniu-java-sdk-7.7.0.jar;D:\mvn3.8\repository\com\squareup\okhttp3\okhttp\3.14.9\okhttp-3.14.9.jar;D:\mvn3.8\repository\com\squareup\okio\okio\1.17.2\okio-1.17.2.jar;D:\mvn3.8\repository\com\google\code\gson\gson\2.8.9\gson-2.8.9.jar;D:\mvn3.8\repository\org\springframework\boot\spring-boot-starter-data-redis\2.6.3\spring-boot-starter-data-redis-2.6.3.jar;D:\mvn3.8\repository\org\springframework\data\spring-data-redis\2.6.1\spring-data-redis-2.6.1.jar;D:\mvn3.8\repository\org\springframework\data\spring-data-keyvalue\2.6.1\spring-data-keyvalue-2.6.1.jar;D:\mvn3.8\repository\org\springframework\data\spring-data-commons\2.6.1\spring-data-commons-2.6.1.jar;D:\mvn3.8\repository\org\springframework\spring-tx\5.3.15\spring-tx-5.3.15.jar;D:\mvn3.8\repository\org\springframework\spring-oxm\5.3.15\spring-oxm-5.3.15.jar;D:\mvn3.8\repository\org\slf4j\slf4j-api\1.7.33\slf4j-api-1.7.33.jar;D:\mvn3.8\repository\io\lettuce\lettuce-core\6.1.6.RELEASE\lettuce-core-6.1.6.RELEASE.jar;D:\mvn3.8\repository\io\netty\netty-common\4.1.73.Final\netty-common-4.1.73.Final.jar;D:\mvn3.8\repository\io\netty\netty-handler\4.1.73.Final\netty-handler-4.1.73.Final.jar;D:\mvn3.8\repository\io\netty\netty-resolver\4.1.73.Final\netty-resolver-4.1.73.Final.jar;D:\mvn3.8\repository\io\netty\netty-buffer\4.1.73.Final\netty-buffer-4.1.73.Final.jar;D:\mvn3.8\repository\io\netty\netty-codec\4.1.73.Final\netty-codec-4.1.73.Final.jar;D:\mvn3.8\repository\io\netty\netty-tcnative-classes\2.0.46.Final\netty-tcnative-classes-2.0.46.Final.jar;D:\mvn3.8\repository\io\netty\netty-transport\4.1.73.Final\netty-transport-4.1.73.Final.jar;D:\mvn3.8\repository\io\projectreactor\reactor-core\3.4.14\reactor-core-3.4.14.jar;D:\mvn3.8\repository\org\reactivestreams\reactive-streams\1.0.3\reactive-streams-1.0.3.jar;D:\mvn3.8\repository\org\projectlombok\lombok\1.18.22\lombok-1.18.22.jar;D:\mvn3.8\repository\org\springframework\boot\spring-boot-starter-test\2.6.3\spring-boot-starter-test-2.6.3.jar;D:\mvn3.8\repository\org\springframework\boot\spring-boot-test\2.6.3\spring-boot-test-2.6.3.jar;D:\mvn3.8\repository\org\springframework\boot\spring-boot-test-autoconfigure\2.6.3\spring-boot-test-autoconfigure-2.6.3.jar;D:\mvn3.8\repository\com\jayway\jsonpath\json-path\2.6.0\json-path-2.6.0.jar;D:\mvn3.8\repository\net\minidev\json-smart\2.4.7\json-smart-2.4.7.jar;D:\mvn3.8\repository\net\minidev\accessors-smart\2.4.7\accessors-smart-2.4.7.jar;D:\mvn3.8\repository\org\ow2\asm\asm\9.1\asm-9.1.jar;D:\mvn3.8\repository\jakarta\xml\bind\jakarta.xml.bind-api\2.3.3\jakarta.xml.bind-api-2.3.3.jar;D:\mvn3.8\repository\jakarta\activation\jakarta.activation-api\1.2.2\jakarta.activation-api-1.2.2.jar;D:\mvn3.8\repository\org\assertj\assertj-core\3.21.0\assertj-core-3.21.0.jar;D:\mvn3.8\repository\org\hamcrest\hamcrest\2.2\hamcrest-2.2.jar;D:\mvn3.8\repository\org\junit\jupiter\junit-jupiter\5.8.2\junit-jupiter-5.8.2.jar;D:\mvn3.8\repository\org\junit\jupiter\junit-jupiter-api\5.8.2\junit-jupiter-api-5.8.2.jar;D:\mvn3.8\repository\org\opentest4j\opentest4j\1.2.0\opentest4j-1.2.0.jar;D:\mvn3.8\repository\org\junit\platform\junit-platform-commons\1.8.2\junit-platform-commons-1.8.2.jar;D:\mvn3.8\repository\org\apiguardian\apiguardian-api\1.1.2\apiguardian-api-1.1.2.jar;D:\mvn3.8\repository\org\junit\jupiter\junit-jupiter-params\5.8.2\junit-jupiter-params-5.8.2.jar;D:\mvn3.8\repository\org\junit\jupiter\junit-jupiter-engine\5.8.2\junit-jupiter-engine-5.8.2.jar;D:\mvn3.8\repository\org\junit\platform\junit-platform-engine\1.8.2\junit-platform-engine-1.8.2.jar;D:\mvn3.8\repository\org\mockito\mockito-core\4.0.0\mockito-core-4.0.0.jar;D:\mvn3.8\repository\net\bytebuddy\byte-buddy\1.11.22\byte-buddy-1.11.22.jar;D:\mvn3.8\repository\net\bytebuddy\byte-buddy-agent\1.11.22\byte-buddy-agent-1.11.22.jar;D:\mvn3.8\repository\org\objenesis\objenesis\3.2\objenesis-3.2.jar;D:\mvn3.8\repository\org\mockito\mockito-junit-jupiter\4.0.0\mockito-junit-jupiter-4.0.0.jar;D:\mvn3.8\repository\org\skyscreamer\jsonassert\1.5.0\jsonassert-1.5.0.jar;D:\mvn3.8\repository\com\vaadin\external\google\android-json\0.0.20131108.vaadin1\android-json-0.0.20131108.vaadin1.jar;D:\mvn3.8\repository\org\springframework\spring-core\5.3.15\spring-core-5.3.15.jar;D:\mvn3.8\repository\org\springframework\spring-jcl\5.3.15\spring-jcl-5.3.15.jar;D:\mvn3.8\repository\org\springframework\spring-test\5.3.15\spring-test-5.3.15.jar;D:\mvn3.8\repository\org\xmlunit\xmlunit-core\2.8.4\xmlunit-core-2.8.4.jar;D:\mvn3.8\repository\org\springframework\boot\spring-boot-starter\2.6.3\spring-boot-starter-2.6.3.jar;D:\mvn3.8\repository\org\springframework\boot\spring-boot\2.6.3\spring-boot-2.6.3.jar;D:\mvn3.8\repository\org\springframework\boot\spring-boot-autoconfigure\2.6.3\spring-boot-autoconfigure-2.6.3.jar;D:\mvn3.8\repository\jakarta\annotation\jakarta.annotation-api\1.3.5\jakarta.annotation-api-1.3.5.jar;D:\mvn3.8\repository\org\yaml\snakeyaml\1.29\snakeyaml-1.29.jar;D:\mvn3.8\repository\org\springframework\boot\spring-boot-starter-log4j2\2.6.3\spring-boot-starter-log4j2-2.6.3.jar;D:\mvn3.8\repository\org\apache\logging\log4j\log4j-slf4j-impl\2.17.1\log4j-slf4j-impl-2.17.1.jar;D:\mvn3.8\repository\org\apache\logging\log4j\log4j-api\2.17.1\log4j-api-2.17.1.jar;D:\mvn3.8\repository\org\apache\logging\log4j\log4j-core\2.17.1\log4j-core-2.17.1.jar;D:\mvn3.8\repository\org\apache\logging\log4j\log4j-jul\2.17.1\log4j-jul-2.17.1.jar;D:\mvn3.8\repository\org\slf4j\jul-to-slf4j\1.7.33\jul-to-slf4j-1.7.33.jar;D:\mvn3.8\repository\org\springframework\boot\spring-boot-starter-aop\2.6.3\spring-boot-starter-aop-2.6.3.jar;D:\mvn3.8\repository\org\springframework\spring-aop\5.3.15\spring-aop-5.3.15.jar;D:\mvn3.8\repository\org\aspectj\aspectjweaver\1.9.7\aspectjweaver-1.9.7.jar;D:\mvn3.8\repository\org\springframework\boot\spring-boot-starter-mail\2.6.3\spring-boot-starter-mail-2.6.3.jar;D:\mvn3.8\repository\org\springframework\spring-context-support\5.3.15\spring-context-support-5.3.15.jar;D:\mvn3.8\repository\com\sun\mail\jakarta.mail\1.6.7\jakarta.mail-1.6.7.jar;D:\mvn3.8\repository\com\sun\activation\jakarta.activation\1.2.2\jakarta.activation-1.2.2.jar;D:\mvn3.8\repository\com\alibaba\fastjson\1.2.76\fastjson-1.2.76.jar;D:\mvn3.8\repository\mysql\mysql-connector-java\8.0.28\mysql-connector-java-8.0.28.jar;D:\mvn3.8\repository\org\springframework\boot\spring-boot-configuration-processor\2.6.3\spring-boot-configuration-processor-2.6.3.jar;D:\mvn3.8\repository\org\apache\commons\commons-lang3\3.12.0\commons-lang3-3.12.0.jar;D:\mvn3.8\repository\commons-collections\commons-collections\3.2.2\commons-collections-3.2.2.jar;D:\mvn3.8\repository\com\baomidou\mybatis-plus-boot-starter\3.4.3\mybatis-plus-boot-starter-3.4.3.jar;D:\mvn3.8\repository\com\baomidou\mybatis-plus\3.4.3\mybatis-plus-3.4.3.jar;D:\mvn3.8\repository\com\baomidou\mybatis-plus-extension\3.4.3\mybatis-plus-extension-3.4.3.jar;D:\mvn3.8\repository\com\baomidou\mybatis-plus-core\3.4.3\mybatis-plus-core-3.4.3.jar;D:\mvn3.8\repository\com\baomidou\mybatis-plus-annotation\3.4.3\mybatis-plus-annotation-3.4.3.jar;D:\mvn3.8\repository\com\github\jsqlparser\jsqlparser\4.0\jsqlparser-4.0.jar;D:\mvn3.8\repository\org\mybatis\mybatis\3.5.7\mybatis-3.5.7.jar;D:\mvn3.8\repository\org\mybatis\mybatis-spring\2.0.6\mybatis-spring-2.0.6.jar;D:\mvn3.8\repository\org\springframework\boot\spring-boot-starter-jdbc\2.6.3\spring-boot-starter-jdbc-2.6.3.jar;D:\mvn3.8\repository\com\zaxxer\HikariCP\4.0.3\HikariCP-4.0.3.jar;D:\mvn3.8\repository\org\springframework\spring-jdbc\5.3.15\spring-jdbc-5.3.15.jar;D:\mvn3.8\repository\joda-time\joda-time\2.10.10\joda-time-2.10.10.jar;D:\mvn3.8\repository\io\jsonwebtoken\jjwt\0.9.1\jjwt-0.9.1.jar;D:\mvn3.8\repository\com\fasterxml\jackson\core\jackson-databind\2.13.1\jackson-databind-2.13.1.jar;D:\mvn3.8\repository\com\fasterxml\jackson\core\jackson-annotations\2.13.1\jackson-annotations-2.13.1.jar;D:\mvn3.8\repository\com\fasterxml\jackson\core\jackson-core\2.13.1\jackson-core-2.13.1.jar;D:\mvn3.8\repository\commons-codec\commons-codec\1.15\commons-codec-1.15.jar;"/>
    <property name="java.vm.vendor" value="Oracle Corporation"/>
    <property name="sun.arch.data.model" value="64"/>
    <property name="user.variant" value=""/>
    <property name="java.vendor.url" value="http://java.oracle.com/"/>
    <property name="user.timezone" value="Asia/Shanghai"/>
    <property name="java.vm.specification.version" value="1.8"/>
    <property name="os.name" value="Windows 10"/>
    <property name="user.country" value="CN"/>
    <property name="sun.java.launcher" value="SUN_STANDARD"/>
    <property name="sun.boot.library.path" value="C:\Program Files\Java\jdk1.8.0_102\jre\bin"/>
    <property name="sun.java.command" value="C:\Users\xhs\AppData\Local\Temp\surefire6729012968816156779\surefirebooter3535973265157343649.jar C:\Users\xhs\AppData\Local\Temp\surefire6729012968816156779 2022-03-05T21-57-10_588-jvmRun1 surefire5325910410328185720tmp surefire_04956342625879569047tmp"/>
    <property name="surefire.test.class.path" value="E:\研究生工作\java_code_new\Blog_parents05\demo\target\test-classes;E:\研究生工作\java_code_new\Blog_parents05\demo\target\classes;D:\mvn3.8\repository\org\springframework\boot\spring-boot-starter-web\2.6.3\spring-boot-starter-web-2.6.3.jar;D:\mvn3.8\repository\org\springframework\boot\spring-boot-starter-json\2.6.3\spring-boot-starter-json-2.6.3.jar;D:\mvn3.8\repository\com\fasterxml\jackson\datatype\jackson-datatype-jdk8\2.13.1\jackson-datatype-jdk8-2.13.1.jar;D:\mvn3.8\repository\com\fasterxml\jackson\datatype\jackson-datatype-jsr310\2.13.1\jackson-datatype-jsr310-2.13.1.jar;D:\mvn3.8\repository\com\fasterxml\jackson\module\jackson-module-parameter-names\2.13.1\jackson-module-parameter-names-2.13.1.jar;D:\mvn3.8\repository\org\springframework\boot\spring-boot-starter-tomcat\2.6.3\spring-boot-starter-tomcat-2.6.3.jar;D:\mvn3.8\repository\org\apache\tomcat\embed\tomcat-embed-core\9.0.56\tomcat-embed-core-9.0.56.jar;D:\mvn3.8\repository\org\apache\tomcat\embed\tomcat-embed-el\9.0.56\tomcat-embed-el-9.0.56.jar;D:\mvn3.8\repository\org\apache\tomcat\embed\tomcat-embed-websocket\9.0.56\tomcat-embed-websocket-9.0.56.jar;D:\mvn3.8\repository\org\springframework\spring-web\5.3.15\spring-web-5.3.15.jar;D:\mvn3.8\repository\org\springframework\spring-beans\5.3.15\spring-beans-5.3.15.jar;D:\mvn3.8\repository\org\springframework\spring-webmvc\5.3.15\spring-webmvc-5.3.15.jar;D:\mvn3.8\repository\org\springframework\spring-context\5.3.15\spring-context-5.3.15.jar;D:\mvn3.8\repository\org\springframework\spring-expression\5.3.15\spring-expression-5.3.15.jar;D:\mvn3.8\repository\com\qiniu\qiniu-java-sdk\7.7.0\qiniu-java-sdk-7.7.0.jar;D:\mvn3.8\repository\com\squareup\okhttp3\okhttp\3.14.9\okhttp-3.14.9.jar;D:\mvn3.8\repository\com\squareup\okio\okio\1.17.2\okio-1.17.2.jar;D:\mvn3.8\repository\com\google\code\gson\gson\2.8.9\gson-2.8.9.jar;D:\mvn3.8\repository\org\springframework\boot\spring-boot-starter-data-redis\2.6.3\spring-boot-starter-data-redis-2.6.3.jar;D:\mvn3.8\repository\org\springframework\data\spring-data-redis\2.6.1\spring-data-redis-2.6.1.jar;D:\mvn3.8\repository\org\springframework\data\spring-data-keyvalue\2.6.1\spring-data-keyvalue-2.6.1.jar;D:\mvn3.8\repository\org\springframework\data\spring-data-commons\2.6.1\spring-data-commons-2.6.1.jar;D:\mvn3.8\repository\org\springframework\spring-tx\5.3.15\spring-tx-5.3.15.jar;D:\mvn3.8\repository\org\springframework\spring-oxm\5.3.15\spring-oxm-5.3.15.jar;D:\mvn3.8\repository\org\slf4j\slf4j-api\1.7.33\slf4j-api-1.7.33.jar;D:\mvn3.8\repository\io\lettuce\lettuce-core\6.1.6.RELEASE\lettuce-core-6.1.6.RELEASE.jar;D:\mvn3.8\repository\io\netty\netty-common\4.1.73.Final\netty-common-4.1.73.Final.jar;D:\mvn3.8\repository\io\netty\netty-handler\4.1.73.Final\netty-handler-4.1.73.Final.jar;D:\mvn3.8\repository\io\netty\netty-resolver\4.1.73.Final\netty-resolver-4.1.73.Final.jar;D:\mvn3.8\repository\io\netty\netty-buffer\4.1.73.Final\netty-buffer-4.1.73.Final.jar;D:\mvn3.8\repository\io\netty\netty-codec\4.1.73.Final\netty-codec-4.1.73.Final.jar;D:\mvn3.8\repository\io\netty\netty-tcnative-classes\2.0.46.Final\netty-tcnative-classes-2.0.46.Final.jar;D:\mvn3.8\repository\io\netty\netty-transport\4.1.73.Final\netty-transport-4.1.73.Final.jar;D:\mvn3.8\repository\io\projectreactor\reactor-core\3.4.14\reactor-core-3.4.14.jar;D:\mvn3.8\repository\org\reactivestreams\reactive-streams\1.0.3\reactive-streams-1.0.3.jar;D:\mvn3.8\repository\org\projectlombok\lombok\1.18.22\lombok-1.18.22.jar;D:\mvn3.8\repository\org\springframework\boot\spring-boot-starter-test\2.6.3\spring-boot-starter-test-2.6.3.jar;D:\mvn3.8\repository\org\springframework\boot\spring-boot-test\2.6.3\spring-boot-test-2.6.3.jar;D:\mvn3.8\repository\org\springframework\boot\spring-boot-test-autoconfigure\2.6.3\spring-boot-test-autoconfigure-2.6.3.jar;D:\mvn3.8\repository\com\jayway\jsonpath\json-path\2.6.0\json-path-2.6.0.jar;D:\mvn3.8\repository\net\minidev\json-smart\2.4.7\json-smart-2.4.7.jar;D:\mvn3.8\repository\net\minidev\accessors-smart\2.4.7\accessors-smart-2.4.7.jar;D:\mvn3.8\repository\org\ow2\asm\asm\9.1\asm-9.1.jar;D:\mvn3.8\repository\jakarta\xml\bind\jakarta.xml.bind-api\2.3.3\jakarta.xml.bind-api-2.3.3.jar;D:\mvn3.8\repository\jakarta\activation\jakarta.activation-api\1.2.2\jakarta.activation-api-1.2.2.jar;D:\mvn3.8\repository\org\assertj\assertj-core\3.21.0\assertj-core-3.21.0.jar;D:\mvn3.8\repository\org\hamcrest\hamcrest\2.2\hamcrest-2.2.jar;D:\mvn3.8\repository\org\junit\jupiter\junit-jupiter\5.8.2\junit-jupiter-5.8.2.jar;D:\mvn3.8\repository\org\junit\jupiter\junit-jupiter-api\5.8.2\junit-jupiter-api-5.8.2.jar;D:\mvn3.8\repository\org\opentest4j\opentest4j\1.2.0\opentest4j-1.2.0.jar;D:\mvn3.8\repository\org\junit\platform\junit-platform-commons\1.8.2\junit-platform-commons-1.8.2.jar;D:\mvn3.8\repository\org\apiguardian\apiguardian-api\1.1.2\apiguardian-api-1.1.2.jar;D:\mvn3.8\repository\org\junit\jupiter\junit-jupiter-params\5.8.2\junit-jupiter-params-5.8.2.jar;D:\mvn3.8\repository\org\junit\jupiter\junit-jupiter-engine\5.8.2\junit-jupiter-engine-5.8.2.jar;D:\mvn3.8\repository\org\junit\platform\junit-platform-engine\1.8.2\junit-platform-engine-1.8.2.jar;D:\mvn3.8\repository\org\mockito\mockito-core\4.0.0\mockito-core-4.0.0.jar;D:\mvn3.8\repository\net\bytebuddy\byte-buddy\1.11.22\byte-buddy-1.11.22.jar;D:\mvn3.8\repository\net\bytebuddy\byte-buddy-agent\1.11.22\byte-buddy-agent-1.11.22.jar;D:\mvn3.8\repository\org\objenesis\objenesis\3.2\objenesis-3.2.jar;D:\mvn3.8\repository\org\mockito\mockito-junit-jupiter\4.0.0\mockito-junit-jupiter-4.0.0.jar;D:\mvn3.8\repository\org\skyscreamer\jsonassert\1.5.0\jsonassert-1.5.0.jar;D:\mvn3.8\repository\com\vaadin\external\google\android-json\0.0.20131108.vaadin1\android-json-0.0.20131108.vaadin1.jar;D:\mvn3.8\repository\org\springframework\spring-core\5.3.15\spring-core-5.3.15.jar;D:\mvn3.8\repository\org\springframework\spring-jcl\5.3.15\spring-jcl-5.3.15.jar;D:\mvn3.8\repository\org\springframework\spring-test\5.3.15\spring-test-5.3.15.jar;D:\mvn3.8\repository\org\xmlunit\xmlunit-core\2.8.4\xmlunit-core-2.8.4.jar;D:\mvn3.8\repository\org\springframework\boot\spring-boot-starter\2.6.3\spring-boot-starter-2.6.3.jar;D:\mvn3.8\repository\org\springframework\boot\spring-boot\2.6.3\spring-boot-2.6.3.jar;D:\mvn3.8\repository\org\springframework\boot\spring-boot-autoconfigure\2.6.3\spring-boot-autoconfigure-2.6.3.jar;D:\mvn3.8\repository\jakarta\annotation\jakarta.annotation-api\1.3.5\jakarta.annotation-api-1.3.5.jar;D:\mvn3.8\repository\org\yaml\snakeyaml\1.29\snakeyaml-1.29.jar;D:\mvn3.8\repository\org\springframework\boot\spring-boot-starter-log4j2\2.6.3\spring-boot-starter-log4j2-2.6.3.jar;D:\mvn3.8\repository\org\apache\logging\log4j\log4j-slf4j-impl\2.17.1\log4j-slf4j-impl-2.17.1.jar;D:\mvn3.8\repository\org\apache\logging\log4j\log4j-api\2.17.1\log4j-api-2.17.1.jar;D:\mvn3.8\repository\org\apache\logging\log4j\log4j-core\2.17.1\log4j-core-2.17.1.jar;D:\mvn3.8\repository\org\apache\logging\log4j\log4j-jul\2.17.1\log4j-jul-2.17.1.jar;D:\mvn3.8\repository\org\slf4j\jul-to-slf4j\1.7.33\jul-to-slf4j-1.7.33.jar;D:\mvn3.8\repository\org\springframework\boot\spring-boot-starter-aop\2.6.3\spring-boot-starter-aop-2.6.3.jar;D:\mvn3.8\repository\org\springframework\spring-aop\5.3.15\spring-aop-5.3.15.jar;D:\mvn3.8\repository\org\aspectj\aspectjweaver\1.9.7\aspectjweaver-1.9.7.jar;D:\mvn3.8\repository\org\springframework\boot\spring-boot-starter-mail\2.6.3\spring-boot-starter-mail-2.6.3.jar;D:\mvn3.8\repository\org\springframework\spring-context-support\5.3.15\spring-context-support-5.3.15.jar;D:\mvn3.8\repository\com\sun\mail\jakarta.mail\1.6.7\jakarta.mail-1.6.7.jar;D:\mvn3.8\repository\com\sun\activation\jakarta.activation\1.2.2\jakarta.activation-1.2.2.jar;D:\mvn3.8\repository\com\alibaba\fastjson\1.2.76\fastjson-1.2.76.jar;D:\mvn3.8\repository\mysql\mysql-connector-java\8.0.28\mysql-connector-java-8.0.28.jar;D:\mvn3.8\repository\org\springframework\boot\spring-boot-configuration-processor\2.6.3\spring-boot-configuration-processor-2.6.3.jar;D:\mvn3.8\repository\org\apache\commons\commons-lang3\3.12.0\commons-lang3-3.12.0.jar;D:\mvn3.8\repository\commons-collections\commons-collections\3.2.2\commons-collections-3.2.2.jar;D:\mvn3.8\repository\com\baomidou\mybatis-plus-boot-starter\3.4.3\mybatis-plus-boot-starter-3.4.3.jar;D:\mvn3.8\repository\com\baomidou\mybatis-plus\3.4.3\mybatis-plus-3.4.3.jar;D:\mvn3.8\repository\com\baomidou\mybatis-plus-extension\3.4.3\mybatis-plus-extension-3.4.3.jar;D:\mvn3.8\repository\com\baomidou\mybatis-plus-core\3.4.3\mybatis-plus-core-3.4.3.jar;D:\mvn3.8\repository\com\baomidou\mybatis-plus-annotation\3.4.3\mybatis-plus-annotation-3.4.3.jar;D:\mvn3.8\repository\com\github\jsqlparser\jsqlparser\4.0\jsqlparser-4.0.jar;D:\mvn3.8\repository\org\mybatis\mybatis\3.5.7\mybatis-3.5.7.jar;D:\mvn3.8\repository\org\mybatis\mybatis-spring\2.0.6\mybatis-spring-2.0.6.jar;D:\mvn3.8\repository\org\springframework\boot\spring-boot-starter-jdbc\2.6.3\spring-boot-starter-jdbc-2.6.3.jar;D:\mvn3.8\repository\com\zaxxer\HikariCP\4.0.3\HikariCP-4.0.3.jar;D:\mvn3.8\repository\org\springframework\spring-jdbc\5.3.15\spring-jdbc-5.3.15.jar;D:\mvn3.8\repository\joda-time\joda-time\2.10.10\joda-time-2.10.10.jar;D:\mvn3.8\repository\io\jsonwebtoken\jjwt\0.9.1\jjwt-0.9.1.jar;D:\mvn3.8\repository\com\fasterxml\jackson\core\jackson-databind\2.13.1\jackson-databind-2.13.1.jar;D:\mvn3.8\repository\com\fasterxml\jackson\core\jackson-annotations\2.13.1\jackson-annotations-2.13.1.jar;D:\mvn3.8\repository\com\fasterxml\jackson\core\jackson-core\2.13.1\jackson-core-2.13.1.jar;D:\mvn3.8\repository\commons-codec\commons-codec\1.15\commons-codec-1.15.jar;"/>
    <property name="sun.cpu.endian" value="little"/>
    <property name="user.home" value="C:\Users\xhs"/>
    <property name="user.language" value="zh"/>
    <property name="java.specification.vendor" value="Oracle Corporation"/>
    <property name="java.home" value="C:\Program Files\Java\jdk1.8.0_102\jre"/>
    <property name="basedir" value="E:\研究生工作\java_code_new\Blog_parents05\demo"/>
    <property name="file.separator" value="\"/>
    <property name="line.separator" value="&#10;"/>
    <property name="java.vm.specification.vendor" value="Oracle Corporation"/>
    <property name="java.specification.name" value="Java Platform API Specification"/>
    <property name="java.awt.graphicsenv" value="sun.awt.Win32GraphicsEnvironment"/>
    <property name="surefire.real.class.path" value="C:\Users\xhs\AppData\Local\Temp\surefire6729012968816156779\surefirebooter3535973265157343649.jar"/>
    <property name="sun.boot.class.path" value="C:\Program Files\Java\jdk1.8.0_102\jre\lib\resources.jar;C:\Program Files\Java\jdk1.8.0_102\jre\lib\rt.jar;C:\Program Files\Java\jdk1.8.0_102\jre\lib\sunrsasign.jar;C:\Program Files\Java\jdk1.8.0_102\jre\lib\jsse.jar;C:\Program Files\Java\jdk1.8.0_102\jre\lib\jce.jar;C:\Program Files\Java\jdk1.8.0_102\jre\lib\charsets.jar;C:\Program Files\Java\jdk1.8.0_102\jre\lib\jfr.jar;C:\Program Files\Java\jdk1.8.0_102\jre\classes"/>
    <property name="user.script" value=""/>
    <property name="sun.management.compiler" value="HotSpot 64-Bit Tiered Compilers"/>
    <property name="java.runtime.version" value="1.8.0_102-b14"/>
    <property name="user.name" value="xhs"/>
    <property name="path.separator" value=";"/>
    <property name="os.version" value="10.0"/>
    <property name="java.endorsed.dirs" value="C:\Program Files\Java\jdk1.8.0_102\jre\lib\endorsed"/>
    <property name="java.runtime.name" value="Java(TM) SE Runtime Environment"/>
    <property name="file.encoding" value="GBK"/>
    <property name="java.vm.name" value="Java HotSpot(TM) 64-Bit Server VM"/>
    <property name="localRepository" value="D:\mvn3.8\repository"/>
    <property name="java.vendor.url.bug" value="http://bugreport.sun.com/bugreport/"/>
    <property name="java.io.tmpdir" value="C:\Users\xhs\AppData\Local\Temp\"/>
    <property name="idea.version" value="2021.3.2"/>
    <property name="java.version" value="1.8.0_102"/>
    <property name="user.dir" value="E:\研究生工作\java_code_new\Blog_parents05\demo"/>
    <property name="os.arch" value="amd64"/>
    <property name="java.vm.specification.name" value="Java Virtual Machine Specification"/>
    <property name="java.awt.printerjob" value="sun.awt.windows.WPrinterJob"/>
    <property name="sun.os.patch.level" value=""/>
    <property name="java.library.path" value="C:\Program Files\Java\jdk1.8.0_102\jre\bin;C:\Windows\Sun\Java\bin;C:\Windows\system32;C:\Windows;C:\ProgramData\Oracle\Java\javapath;C:\Windows\system32;C:\Windows;C:\Windows\System32\Wbem;C:\Windows\System32\WindowsPowerShell\v1.0\;C:\Windows\System32\OpenSSH\;C:\Program Files\Git\cmd;E:\node\;C:\Program Files (x86)\NVIDIA Corporation\PhysX\Common;C:\Program Files\NVIDIA Corporation\NVIDIA NvDLISR;C:\Users\xhs\AppData\Local\Microsoft\WindowsApps;E:\Bandizip\;C:\Users\xhs\AppData\Roaming\npm;."/>
    <property name="java.vm.info" value="mixed mode"/>
    <property name="java.vendor" value="Oracle Corporation"/>
    <property name="java.vm.version" value="25.102-b14"/>
    <property name="java.ext.dirs" value="C:\Program Files\Java\jdk1.8.0_102\jre\lib\ext;C:\Windows\Sun\Java\lib\ext"/>
    <property name="sun.io.unicode.encoding" value="UnicodeLittle"/>
    <property name="maven.repo.local" value="D:\mvn3.8\repository"/>
    <property name="java.class.version" value="52.0"/>
  </properties>
  <testcase name="contextLoads" classname="com.xxx.blog.BlogAppTests" time="0.527"/>
</testsuite>